<?xml version="1.0" encoding="UTF-8"?>
<!-- Generated by org.testng.reporters.JUnitXMLReporter -->
<testsuite hostname="PL5440-BYWN542" ignored="0" name="Test" tests="1" failures="0" timestamp="04 Jan 2019 11:30:53 GMT" time="63.47" errors="0">
  <testcase name="@BeforeTest beforeTest" time="63.395" classname="example.NewTest">
    <failure type="org.openqa.selenium.WebDriverException" message="Failed to connect to binary FirefoxBinary(C:\Program Files (x86)\Mozilla Firefox\firefox.exe) on port 7055; process output follows: 
th&amp;quot;:&amp;quot;C:\\Program Files (x86)\\Mozilla Firefox\\browser\\features&amp;quot;},&amp;quot;winreg-app-global&amp;quot;:{&amp;quot;addons&amp;quot;:{&amp;quot;{cb40da56-497a-4add-955d-3377cae4c33b}&amp;quot;:{&amp;quot;enabled&amp;quot;:false,&amp;quot;lastModifiedTime&amp;quot;:1485727148000,&amp;quot;path&amp;quot;:&amp;quot;C:\\Program Files (x86)\\McAfee\\Endpoint Security\\Web Control\\wcffplg.xpi&amp;quot;,&amp;quot;telemetryKey&amp;quot;:&amp;quot;%7Bcb40da56-497a-4add-955d-3377cae4c33b%7D:undefined&amp;quot;}},&amp;quot;staged&amp;quot;:{}}}
1546601407449	addons.xpi	DEBUG	Ignoring file: name is not a valid add-on ID: C:\Users\amit.nagpal\AppData\Local\Temp\anonymous5419864425802781478webdriver-profile\extensions\webdriver-staging
1546601407450	addons.xpi	DEBUG	Existing add-on formautofill@mozilla.org in app-system-defaults
1546601407451	addons.xpi	DEBUG	Existing add-on screenshots@mozilla.org in app-system-defaults
1546601407451	addons.xpi	DEBUG	Existing add-on webcompat-reporter@mozilla.org in app-system-defaults
1546601407452	addons.xpi	DEBUG	Existing add-on webcompat@mozilla.org in app-system-defaults
1546601407453	addons.xpi	DEBUG	Existing add-on {cb40da56-497a-4add-955d-3377cae4c33b} in winreg-app-global
1546601407454	addons.xpi	DEBUG	scanForChanges changed: false, state: {}
1546601407456	addons.xpi	DEBUG	No changes found
1546601407463	addons.xpi	DEBUG	Loading bootstrap scope from C:\Program Files (x86)\Mozilla Firefox\browser\features\formautofill@mozilla.org.xpi
1546601407488	addons.xpi	DEBUG	Calling bootstrap method startup on formautofill@mozilla.org version 1.0
1546601407492	addons.xpi	DEBUG	Loading bootstrap scope from C:\Program Files (x86)\Mozilla Firefox\browser\features\screenshots@mozilla.org.xpi
1546601407492	addons.xpi	DEBUG	Calling bootstrap method startup on screenshots@mozilla.org version 35.0.0
1546601407493	addons.xpi	DEBUG	Loading bootstrap scope from C:\Program Files (x86)\Mozilla Firefox\browser\features\webcompat@mozilla.org.xpi
1546601407493	addons.xpi	DEBUG	Calling bootstrap method startup on webcompat@mozilla.org version 3.0.0
1546601407495	addons.manager	DEBUG	Registering shutdown blocker for XPIProvider
1546601407495	addons.manager	DEBUG	Provider finished startup: XPIProvider
1546601407495	addons.manager	DEBUG	Starting provider: LightweightThemeManager
1546601407495	addons.manager	DEBUG	Registering shutdown blocker for LightweightThemeManager
1546601407495	addons.manager	DEBUG	Provider finished startup: LightweightThemeManager
1546601407495	addons.manager	DEBUG	Starting provider: GMPProvider
1546601407498	addons.manager	DEBUG	Registering shutdown blocker for GMPProvider
1546601407498	addons.manager	DEBUG	Provider finished startup: GMPProvider
1546601407498	addons.manager	DEBUG	Starting provider: PluginProvider
1546601407498	addons.manager	DEBUG	Registering shutdown blocker for PluginProvider
1546601407499	addons.manager	DEBUG	Provider finished startup: PluginProvider
1546601407502	addons.manager	DEBUG	Completed startup sequence
1546601409351	addons.xpi-utils	DEBUG	Starting async load of XPI database C:\Users\amit.nagpal\AppData\Local\Temp\anonymous5419864425802781478webdriver-profile\extensions.json
1546601409405	addons.xpi	DEBUG	Ignoring file: name is not a valid add-on ID: C:\Users\amit.nagpal\AppData\Local\Temp\anonymous5419864425802781478webdriver-profile\extensions\webdriver-staging
1546601409406	addons.xpi	DEBUG	Existing add-on formautofill@mozilla.org in app-system-defaults
1546601409407	addons.xpi	DEBUG	Existing add-on screenshots@mozilla.org in app-system-defaults
1546601409407	addons.xpi	DEBUG	Existing add-on webcompat-reporter@mozilla.org in app-system-defaults
1546601409407	addons.xpi	DEBUG	Existing add-on webcompat@mozilla.org in app-system-defaults
1546601409409	addons.xpi	DEBUG	Existing add-on {cb40da56-497a-4add-955d-3377cae4c33b} in winreg-app-global
1546601409409	addons.xpi	DEBUG	scanForChanges changed: false, state: {}
1546601409578	addons.xpi-utils	DEBUG	Finished async read of XPI database, parsing...
*** Blocklist::_loadFileInternal: blocklist is disabled
1546601409821	addons.xpi-utils	DEBUG	Successfully read XPI database
1546601410051	addons.manager	DEBUG	Registering upgrade listener for formautofill@mozilla.org

Build info: version: &amp;apos;2.45.0&amp;apos;, revision: &amp;apos;5017cb8e7ca8e37638dc3091b2440b90a1d8686f&amp;apos;, time: &amp;apos;2015-02-27 09:10:26&amp;apos;
System info: host: &amp;apos;PL5440-BYWN542&amp;apos;, ip: &amp;apos;10.213.2.55&amp;apos;, os.name: &amp;apos;Windows 8.1&amp;apos;, os.arch: &amp;apos;amd64&amp;apos;, os.version: &amp;apos;6.3&amp;apos;, java.version: &amp;apos;1.8.0_181&amp;apos;
Driver info: driver.version: FirefoxDriver">
      <![CDATA[org.openqa.selenium.WebDriverException: Failed to connect to binary FirefoxBinary(C:\Program Files (x86)\Mozilla Firefox\firefox.exe) on port 7055; process output follows: th":"C:\\Program Files (x86)\\Mozilla Firefox\\browser\\features"},"winreg-app-global":{"addons":{"{cb40da56-497a-4add-955d-3377cae4c33b}":{"enabled":false,"lastModifiedTime":1485727148000,"path":"C:\\Program Files (x86)\\McAfee\\Endpoint Security\\Web Control\\wcffplg.xpi","telemetryKey":"%7Bcb40da56-497a-4add-955d-3377cae4c33b%7D:undefined"}},"staged":{}}}1546601407449addons.xpiDEBUGIgnoring file: name is not a valid add-on ID: C:\Users\amit.nagpal\AppData\Local\Temp\anonymous5419864425802781478webdriver-profile\extensions\webdriver-staging1546601407450addons.xpiDEBUGExisting add-on formautofill@mozilla.org in app-system-defaults1546601407451addons.xpiDEBUGExisting add-on screenshots@mozilla.org in app-system-defaults1546601407451addons.xpiDEBUGExisting add-on webcompat-reporter@mozilla.org in app-system-defaults1546601407452addons.xpiDEBUGExisting add-on webcompat@mozilla.org in app-system-defaults1546601407453addons.xpiDEBUGExisting add-on {cb40da56-497a-4add-955d-3377cae4c33b} in winreg-app-global1546601407454addons.xpiDEBUGscanForChanges changed: false, state: {}1546601407456addons.xpiDEBUGNo changes found1546601407463addons.xpiDEBUGLoading bootstrap scope from C:\Program Files (x86)\Mozilla Firefox\browser\features\formautofill@mozilla.org.xpi1546601407488addons.xpiDEBUGCalling bootstrap method startup on formautofill@mozilla.org version 1.01546601407492addons.xpiDEBUGLoading bootstrap scope from C:\Program Files (x86)\Mozilla Firefox\browser\features\screenshots@mozilla.org.xpi1546601407492addons.xpiDEBUGCalling bootstrap method startup on screenshots@mozilla.org version 35.0.01546601407493addons.xpiDEBUGLoading bootstrap scope from C:\Program Files (x86)\Mozilla Firefox\browser\features\webcompat@mozilla.org.xpi1546601407493addons.xpiDEBUGCalling bootstrap method startup on webcompat@mozilla.org version 3.0.01546601407495addons.managerDEBUGRegistering shutdown blocker for XPIProvider1546601407495addons.managerDEBUGProvider finished startup: XPIProvider1546601407495addons.managerDEBUGStarting provider: LightweightThemeManager1546601407495addons.managerDEBUGRegistering shutdown blocker for LightweightThemeManager1546601407495addons.managerDEBUGProvider finished startup: LightweightThemeManager1546601407495addons.managerDEBUGStarting provider: GMPProvider1546601407498addons.managerDEBUGRegistering shutdown blocker for GMPProvider1546601407498addons.managerDEBUGProvider finished startup: GMPProvider1546601407498addons.managerDEBUGStarting provider: PluginProvider1546601407498addons.managerDEBUGRegistering shutdown blocker for PluginProvider1546601407499addons.managerDEBUGProvider finished startup: PluginProvider1546601407502addons.managerDEBUGCompleted startup sequence1546601409351addons.xpi-utilsDEBUGStarting async load of XPI database C:\Users\amit.nagpal\AppData\Local\Temp\anonymous5419864425802781478webdriver-profile\extensions.json1546601409405addons.xpiDEBUGIgnoring file: name is not a valid add-on ID: C:\Users\amit.nagpal\AppData\Local\Temp\anonymous5419864425802781478webdriver-profile\extensions\webdriver-staging1546601409406addons.xpiDEBUGExisting add-on formautofill@mozilla.org in app-system-defaults1546601409407addons.xpiDEBUGExisting add-on screenshots@mozilla.org in app-system-defaults1546601409407addons.xpiDEBUGExisting add-on webcompat-reporter@mozilla.org in app-system-defaults1546601409407addons.xpiDEBUGExisting add-on webcompat@mozilla.org in app-system-defaults1546601409409addons.xpiDEBUGExisting add-on {cb40da56-497a-4add-955d-3377cae4c33b} in winreg-app-global1546601409409addons.xpiDEBUGscanForChanges changed: false, state: {}1546601409578addons.xpi-utilsDEBUGFinished async read of XPI database, parsing...*** Blocklist::_loadFileInternal: blocklist is disabled1546601409821addons.xpi-utilsDEBUGSuccessfully read XPI database1546601410051addons.managerDEBUGRegistering upgrade listener for formautofill@mozilla.orgBuild info: version: '2.45.0', revision: '5017cb8e7ca8e37638dc3091b2440b90a1d8686f', time: '2015-02-27 09:10:26'System info: host: 'PL5440-BYWN542', ip: '10.213.2.55', os.name: 'Windows 8.1', os.arch: 'amd64', os.version: '6.3', java.version: '1.8.0_181'Driver info: driver.version: FirefoxDriverat org.openqa.selenium.firefox.internal.NewProfileExtensionConnection.start(NewProfileExtensionConnection.java:130)at org.openqa.selenium.firefox.FirefoxDriver.startClient(FirefoxDriver.java:246)at org.openqa.selenium.remote.RemoteWebDriver.<init>(RemoteWebDriver.java:114)at org.openqa.selenium.firefox.FirefoxDriver.<init>(FirefoxDriver.java:191)at org.openqa.selenium.firefox.FirefoxDriver.<init>(FirefoxDriver.java:186)at org.openqa.selenium.firefox.FirefoxDriver.<init>(FirefoxDriver.java:182)at org.openqa.selenium.firefox.FirefoxDriver.<init>(FirefoxDriver.java:95)at example.NewTest.beforeTest(NewTest.java:20)Caused by: org.openqa.selenium.firefox.NotConnectedException: Unable to connect to host 127.0.0.1 on port 7055 after 45000 ms. Firefox console output:th":"C:\\Program Files (x86)\\Mozilla Firefox\\browser\\features"},"winreg-app-global":{"addons":{"{cb40da56-497a-4add-955d-3377cae4c33b}":{"enabled":false,"lastModifiedTime":1485727148000,"path":"C:\\Program Files (x86)\\McAfee\\Endpoint Security\\Web Control\\wcffplg.xpi","telemetryKey":"%7Bcb40da56-497a-4add-955d-3377cae4c33b%7D:undefined"}},"staged":{}}}1546601407449addons.xpiDEBUGIgnoring file: name is not a valid add-on ID: C:\Users\amit.nagpal\AppData\Local\Temp\anonymous5419864425802781478webdriver-profile\extensions\webdriver-staging1546601407450addons.xpiDEBUGExisting add-on formautofill@mozilla.org in app-system-defaults1546601407451addons.xpiDEBUGExisting add-on screenshots@mozilla.org in app-system-defaults1546601407451addons.xpiDEBUGExisting add-on webcompat-reporter@mozilla.org in app-system-defaults1546601407452addons.xpiDEBUGExisting add-on webcompat@mozilla.org in app-system-defaults1546601407453addons.xpiDEBUGExisting add-on {cb40da56-497a-4add-955d-3377cae4c33b} in winreg-app-global1546601407454addons.xpiDEBUGscanForChanges changed: false, state: {}1546601407456addons.xpiDEBUGNo changes found1546601407463addons.xpiDEBUGLoading bootstrap scope from C:\Program Files (x86)\Mozilla Firefox\browser\features\formautofill@mozilla.org.xpi1546601407488addons.xpiDEBUGCalling bootstrap method startup on formautofill@mozilla.org version 1.01546601407492addons.xpiDEBUGLoading bootstrap scope from C:\Program Files (x86)\Mozilla Firefox\browser\features\screenshots@mozilla.org.xpi1546601407492addons.xpiDEBUGCalling bootstrap method startup on screenshots@mozilla.org version 35.0.01546601407493addons.xpiDEBUGLoading bootstrap scope from C:\Program Files (x86)\Mozilla Firefox\browser\features\webcompat@mozilla.org.xpi1546601407493addons.xpiDEBUGCalling bootstrap method startup on webcompat@mozilla.org version 3.0.01546601407495addons.managerDEBUGRegistering shutdown blocker for XPIProvider1546601407495addons.managerDEBUGProvider finished startup: XPIProvider1546601407495addons.managerDEBUGStarting provider: LightweightThemeManager1546601407495addons.managerDEBUGRegistering shutdown blocker for LightweightThemeManager1546601407495addons.managerDEBUGProvider finished startup: LightweightThemeManager1546601407495addons.managerDEBUGStarting provider: GMPProvider1546601407498addons.managerDEBUGRegistering shutdown blocker for GMPProvider1546601407498addons.managerDEBUGProvider finished startup: GMPProvider1546601407498addons.managerDEBUGStarting provider: PluginProvider1546601407498addons.managerDEBUGRegistering shutdown blocker for PluginProvider1546601407499addons.managerDEBUGProvider finished startup: PluginProvider1546601407502addons.managerDEBUGCompleted startup sequence1546601409351addons.xpi-utilsDEBUGStarting async load of XPI database C:\Users\amit.nagpal\AppData\Local\Temp\anonymous5419864425802781478webdriver-profile\extensions.json1546601409405addons.xpiDEBUGIgnoring file: name is not a valid add-on ID: C:\Users\amit.nagpal\AppData\Local\Temp\anonymous5419864425802781478webdriver-profile\extensions\webdriver-staging1546601409406addons.xpiDEBUGExisting add-on formautofill@mozilla.org in app-system-defaults1546601409407addons.xpiDEBUGExisting add-on screenshots@mozilla.org in app-system-defaults1546601409407addons.xpiDEBUGExisting add-on webcompat-reporter@mozilla.org in app-system-defaults1546601409407addons.xpiDEBUGExisting add-on webcompat@mozilla.org in app-system-defaults1546601409409addons.xpiDEBUGExisting add-on {cb40da56-497a-4add-955d-3377cae4c33b} in winreg-app-global1546601409409addons.xpiDEBUGscanForChanges changed: false, state: {}1546601409578addons.xpi-utilsDEBUGFinished async read of XPI database, parsing...*** Blocklist::_loadFileInternal: blocklist is disabled1546601409821addons.xpi-utilsDEBUGSuccessfully read XPI database1546601410051addons.managerDEBUGRegistering upgrade listener for formautofill@mozilla.orgat org.openqa.selenium.firefox.internal.NewProfileExtensionConnection.start(NewProfileExtensionConnection.java:118)... 31 more... Removed 24 stack frames]]>
    </failure>
  </testcase> <!-- @BeforeTest beforeTest -->
  <testcase name="@AfterTest afterTest" time="0.0" classname="example.NewTest">
    <skipped/>
  </testcase> <!-- @AfterTest afterTest -->
  <testcase name="testEasy" time="0.0" classname="example.NewTest">
    <skipped/>
  </testcase> <!-- testEasy -->
</testsuite> <!-- Test -->
