<?xml version="1.0" encoding="UTF-8"?>
<testng-results skipped="0" failed="0" ignored="0" total="1" passed="1">
  <reporter-output>
  </reporter-output>
  <suite name="Suite" duration-ms="27302" started-at="2019-01-07T10:15:18Z" finished-at="2019-01-07T10:15:45Z">
    <groups>
    </groups>
    <test name="Test" duration-ms="27302" started-at="2019-01-07T10:15:18Z" finished-at="2019-01-07T10:15:45Z">
      <class name="example.NewTest">
        <test-method status="PASS" signature="beforeTest()[pri:0, instance:example.NewTest@159f197]" name="beforeTest" is-config="true" duration-ms="5582" started-at="2019-01-07T15:45:18Z" finished-at="2019-01-07T15:45:24Z">
          <reporter-output>
          </reporter-output>
        </test-method> <!-- beforeTest -->
        <test-method status="PASS" signature="testEasy()[pri:0, instance:example.NewTest@159f197]" name="testEasy" duration-ms="20089" started-at="2019-01-07T15:45:24Z" finished-at="2019-01-07T15:45:44Z">
          <reporter-output>
          </reporter-output>
        </test-method> <!-- testEasy -->
        <test-method status="PASS" signature="afterTest()[pri:0, instance:example.NewTest@159f197]" name="afterTest" is-config="true" duration-ms="1607" started-at="2019-01-07T15:45:44Z" finished-at="2019-01-07T15:45:45Z">
          <reporter-output>
          </reporter-output>
        </test-method> <!-- afterTest -->
      </class> <!-- example.NewTest -->
    </test> <!-- Test -->
  </suite> <!-- Suite -->
</testng-results>
